<?xml version="1.0" encoding="UTF-8"?>
<!-- Generated by org.testng.reporters.JUnitReportReporter -->
<testsuite hostname="YougoWorld1" failures="0" tests="1" name="Testcases.Loginapplication" time="8.368" errors="0" timestamp="2021-05-02T00:43:44 IST" skipped="0">
  <testcase classname="Testcases.Loginapplication" name="Login" time="8.368"/>
  <system-out/>
</testsuite> <!-- Testcases.Loginapplication -->
